number,value,datetime_start,datetime_complete,duration,params_activation,params_batch_size,params_beta_1,params_beta_2,params_dropout_rate,params_learning_rate,params_n_layers,params_n_units,params_scale_monotonic,params_scale_nonneg,params_scale_shape,params_scale_tradeoff,params_weight_decay,user_attrs_fold_mses,state
0,0.15221676453948021,2026-08-24 06:15:56.210724,2026-08-24 06:19:57.626484,0 days 00:04:01.415760,sigmoid,16,0.8712339110678275,0.9916364247048639,0.30592644736118974,0.001331121608073689,2,8,0.03549878832196503,0.9860942908083906,0.08179499475211674,0.08730885649333642,7.4763120622522945e-06,"[0.25473257899284363, 0.26556986570358276, 0.061308491975069046, 0.13721871376037598, 0.04225417226552963]",COMPLETE
1,0.2675720602273941,2026-08-24 06:19:57.632434,2026-08-24 06:21:06.375475,0 days 00:01:08.743041,sigmoid,32,0.9465632033074559,0.9972755761330482,0.2475884550556351,0.0006647135865318024,1,64,0.08200518402245831,1.0299214204601976,0.019634341572933336,0.33959199243313637,2.3233503515390116e-06,"[0.19685347378253937, 0.15432722866535187, 0.4183753430843353, 0.13826565444469452, 0.43003860116004944]",COMPLETE
2,0.08947292789816856,2026-08-24 06:21:06.378958,2026-08-24 06:24:42.363582,0 days 00:03:35.984624,relu,8,0.9421874235023117,0.9907964325184673,0.41436875457596467,0.002115429079726122,1,8,0.03872118032174583,0.7840758945457351,0.013667272915456224,0.01597302366130558,6.516990611177181e-06,"[0.1948443502187729, 0.10772748291492462, 0.031874801963567734, 0.08412707597017288, 0.028790928423404694]",COMPLETE
3,0.28933115899562833,2026-08-24 06:24:42.367402,2026-08-24 06:28:53.826905,0 days 00:04:11.459503,tanh,8,0.9271270346685945,0.9906664018656068,0.03177917514301182,1.0388823104027935e-05,2,64,0.11895896737553548,2.7178637804725723,0.022264204303769682,1.5580940996926465,9.833181933644894e-06,"[0.2801400125026703, 0.3468289375305176, 0.2561253607273102, 0.36854448914527893, 0.1950169950723648]",COMPLETE
4,0.0741561483591795,2026-08-24 06:28:53.830729,2026-08-24 06:37:07.083201,0 days 00:08:13.252472,relu,8,0.8927541018358549,0.9902287721406968,0.4537832369630465,0.00048287152161792117,2,64,0.021070472806578238,0.5288622176491503,0.012424747083660195,0.22597636671851448,3.35515102272148e-05,"[0.17165488004684448, 0.112022764980793, 0.03189897537231445, 0.028023622930049896, 0.027180498465895653]",COMPLETE
5,0.1742067091166973,2026-08-24 06:37:07.086996,2026-08-24 06:40:43.466122,0 days 00:03:36.379126,sigmoid,8,0.9392558998489977,0.9948540801772409,0.21355389431312816,0.000794714742465374,1,16,2.6443593078398644,0.17915658660381903,4.878360603452142,0.015006703959278904,4.828424974818325e-06,"[0.34100160002708435, 0.23985345661640167, 0.041096922010183334, 0.20770074427127838, 0.04138082265853882]",COMPLETE
6,0.23740843832492828,2026-08-24 06:40:43.469153,2026-08-24 06:46:16.252631,0 days 00:05:32.783478,relu,16,0.947178208272096,0.998662025654479,0.3047821669899484,9.324140221663475e-05,4,8,0.05693074767644611,0.4522999310516461,0.310274095091284,0.012969996024538197,1.2902113024567156e-06,"[0.30904626846313477, 0.33492428064346313, 0.21703286468982697, 0.17199385166168213, 0.15404492616653442]",COMPLETE
7,0.09041025340557099,2026-08-24 06:46:16.255914,2026-08-24 06:55:13.991632,0 days 00:08:57.735718,sigmoid,8,0.8867783132719252,0.9956907524753422,0.09325925519992712,0.001038500337992742,3,32,0.7954064937683929,8.35710960016655,0.40487788181534107,0.002157640826317743,9.169384722192327e-06,"[0.18484163284301758, 0.11792504787445068, 0.06096414104104042, 0.034466326236724854, 0.053854119032621384]",COMPLETE
8,0.17141296416521073,2026-08-24 06:55:13.994998,2026-08-24 06:59:24.543911,0 days 00:04:10.548913,relu,8,0.8613473521240589,0.9983222425645071,0.26482528917800324,0.0001446125682015214,1,16,4.285663419650347,7.593688810718991,0.059405257557019295,0.276223859835716,4.630228617122102e-05,"[0.24383795261383057, 0.24926280975341797, 0.16526761651039124, 0.06022707372903824, 0.1384693682193756]",COMPLETE
9,0.04137406870722771,2026-08-24 06:59:24.547117,2026-08-24 07:03:09.849176,0 days 00:03:45.302059,relu,8,0.8661628714094614,0.9980869876967438,0.08040402570874933,0.004584154780136381,1,32,0.6596099207886096,3.363082126298069,0.010655924993232578,0.0023732319876735167,1.035582616189918e-06,"[0.11618193238973618, 0.026554575189948082, 0.02241932600736618, 0.020304717123508453, 0.021409792825579643]",COMPLETE
10,0.22713072448968888,2026-08-24 07:03:09.852295,2026-08-24 07:04:25.313732,0 days 00:01:15.461437,tanh,32,0.9142396966140347,0.9932518079679763,0.1429271542225496,0.0063421613994720395,4,32,0.5171725591654738,18.686542446216755,6.932432173673799,4.685109363240451,0.0006877477209765797,"[0.2543894648551941, 0.299617201089859, 0.08755291253328323, 0.363696813583374, 0.130397230386734]",COMPLETE
11,0.0426480146124959,2026-08-24 07:04:25.317048,2026-08-24 07:13:09.389960,0 days 00:08:44.072912,relu,8,0.8901150823029558,0.9931992102510872,0.48741791510425087,0.009444302020589929,2,128,0.34768706536400357,0.1467966635782782,0.01048538296501699,0.0014238366121907115,7.637106304017787e-05,"[0.09761561453342438, 0.06837546825408936, 0.017350776121020317, 0.013494114391505718, 0.016404099762439728]",COMPLETE
12,0.035040383040904996,2026-08-24 07:13:09.393284,2026-08-24 07:21:18.327987,0 days 00:08:08.934703,relu,8,0.8515328024319844,0.993212398165828,0.3823352010071081,0.009579478801011175,2,128,0.39334328596319135,0.10721023812327322,0.0437413030964426,0.0011923332541016911,0.0007870708682262787,"[0.09558265656232834, 0.03876200690865517, 0.017208175733685493, 0.010764196515083313, 0.012884879484772682]",COMPLETE
13,0.07840824089944362,2026-08-24 07:21:18.332053,2026-08-24 07:24:53.438672,0 days 00:03:35.106619,relu,32,0.854315239625758,0.9961188642712917,0.3816557487880124,0.003619139484491943,3,128,1.1867456069305302,2.9760739087557195,0.0702091015682845,0.0038785281402196666,0.0008872754604813377,"[0.17715199291706085, 0.1283072531223297, 0.036162104457616806, 0.026688065379858017, 0.023731788620352745]",COMPLETE
14,0.028137731738388537,2026-08-24 07:24:53.442252,2026-08-24 07:31:17.309338,0 days 00:06:23.867086,relu,8,0.8718857436587777,0.9935052838225463,0.007447670853644506,0.0045306563462568,3,32,0.20515196196795088,0.10723233615838117,0.2660513365178014,0.005643362713683808,0.00017297157797809137,"[0.0616254061460495, 0.03455985337495804, 0.018325436860322952, 0.012953556142747402, 0.0132244061678648]",COMPLETE
15,0.036288332752883436,2026-08-24 07:31:17.312743,2026-08-24 07:36:47.352779,0 days 00:05:30.040036,relu,16,0.8756706938969427,0.9934147690744197,0.17455198366465,0.00990887440328857,3,128,0.19012533762475048,0.10011322639996882,0.40639944329779815,0.005700464923074288,0.00023766377120882084,"[0.07620510458946228, 0.05615772306919098, 0.022327573969960213, 0.01159236952662468, 0.01515889260917902]",COMPLETE
16,0.08357730954885483,2026-08-24 07:36:47.356788,2026-08-24 07:47:34.254482,0 days 00:10:46.897694,tanh,8,0.8511403625665712,0.992297592159759,0.02315754864120627,0.0024688434457888304,3,32,0.21817478332205717,0.25405731777260976,1.5709024175638449,0.050778711980875045,0.0002657134791578533,"[0.15538792312145233, 0.10490184277296066, 0.05354808270931244, 0.027630366384983063, 0.07641833275556564]",COMPLETE
17,0.0724408369511366,2026-08-24 07:47:34.260658,2026-08-24 08:02:21.301534,0 days 00:14:47.040876,relu,8,0.8796707547044498,0.9945476924323894,0.3501439166248972,0.0002884651239471562,3,128,9.583592856792373,0.29570052854311196,0.19193870321069154,0.0011306330439604982,0.0002580505231317943,"[0.16659505665302277, 0.11966360360383987, 0.03124650940299034, 0.024075014516711235, 0.02062400057911873]",COMPLETE
18,0.05414548441767693,2026-08-24 08:02:21.305206,2026-08-24 08:06:17.708915,0 days 00:03:56.403709,relu,32,0.898761207680689,0.994027842182058,0.16106796882147684,0.0022098820693875225,4,128,1.9624920724733763,0.12018692813529644,1.3882107866719144,0.006595767630067749,0.00011743110970687302,"[0.1379072368144989, 0.07701125741004944, 0.019044874235987663, 0.018584033474326134, 0.01818002015352249]",COMPLETE
19,0.45344876646995547,2026-08-24 08:06:17.712580,2026-08-24 08:09:33.430537,0 days 00:03:15.717957,tanh,16,0.9041228081074167,0.9921823090053701,0.09907924572236088,1.1348451194974595e-05,2,32,0.01104540795475352,0.2338568680186593,0.04157926776437725,0.0363165650026942,0.0005997773304256161,"[0.4815257489681244, 0.3532904088497162, 0.7386948466300964, 0.3703952729701996, 0.3233375549316406]",COMPLETE
20,0.07248727716505528,2026-08-24 08:09:33.433659,2026-08-24 08:13:53.172101,0 days 00:04:19.738442,relu,8,0.8577171080433126,0.9961705434090831,0.3365291588414878,0.005348896779273153,3,16,0.28642782499372943,0.10024770947195268,0.13121283966164118,0.004265625491900467,0.00038085132478376453,"[0.1814337521791458, 0.11424566805362701, 0.022002089768648148, 0.021541599184274673, 0.023213276639580727]",COMPLETE
21,0.04027401376515627,2026-08-24 08:13:53.175815,2026-08-24 08:18:22.572546,0 days 00:04:29.396731,relu,16,0.8752531561993697,0.9934863136637089,0.172212527048975,0.008892756401441087,3,128,0.15568935842490106,0.10333778695370512,0.5793367097572546,0.007377420828976846,0.0001462959950660867,"[0.1004454493522644, 0.04527198523283005, 0.024136090651154518, 0.014678810723125935, 0.01683773286640644]",COMPLETE
22,0.023309499397873877,2026-08-24 08:18:22.575749,2026-08-24 08:21:54.494257,0 days 00:03:31.918508,relu,16,0.8664395154224914,0.992646270918747,0.01025426669385121,0.0037305568539761284,3,128,0.12284788617213634,0.1923660855932807,1.053488622195384,0.0010790062238443363,0.00016969326885040657,"[0.04029698669910431, 0.026260018348693848, 0.01707073487341404, 0.012630030512809753, 0.020289726555347443]",COMPLETE
23,0.025339106284081935,2026-08-24 08:21:54.498427,2026-08-24 08:26:51.922551,0 days 00:04:57.424124,relu,16,0.8638026848356317,0.9922902354527894,0.04838477691438449,0.003619139489609257,4,128,0.08367933582617158,0.3465035381379352,1.0542140507298132,0.0010921406331094112,3.057447219118215e-05,"[0.051216643303632736, 0.027781978249549866, 0.022883864119648933, 0.010869823396205902, 0.013943222351372242]",COMPLETE
24,0.024748710356652735,2026-08-24 08:26:51.926204,2026-08-24 08:31:34.456576,0 days 00:04:42.530372,relu,16,0.8653620520813242,0.9916704056194124,0.0077471219887193426,0.0032232818722010077,4,128,0.08206049864924404,0.3965883660335444,1.1118442685896799,0.0023264612233386563,3.0092738472803737e-05,"[0.049504976719617844, 0.028393292799592018, 0.020523160696029663, 0.009403661824762821, 0.015918459743261337]",COMPLETE
25,0.027852587681263686,2026-08-24 08:31:34.460415,2026-08-24 08:39:06.966062,0 days 00:07:32.505647,relu,16,0.8639429077131481,0.9916358847017649,0.06146751324487803,0.0016128428634192135,4,128,0.0843901303491683,0.42338948509945434,1.090980452360743,0.0029269519325644906,2.553895065740803e-05,"[0.057498134672641754, 0.03908536210656166, 0.020331135019659996, 0.0074229794554412365, 0.014925327152013779]",COMPLETE
26,0.025742537714540957,2026-08-24 08:39:06.969621,2026-08-24 08:46:30.551150,0 days 00:07:23.581529,relu,16,0.8798506059300901,0.992429753270616,0.0484115546855832,0.0031032597944668735,4,128,0.021455900626763193,1.6358975276185654,2.707739727024815,0.001817801366427989,1.5333797869822915e-05,"[0.054495830088853836, 0.027822958305478096, 0.020833026617765427, 0.007236587814986706, 0.018324285745620728]",COMPLETE
27,0.06177806351333857,2026-08-24 08:46:30.554432,2026-08-24 08:55:52.732149,0 days 00:09:22.177717,relu,16,0.8660085046912309,0.9913656431844874,0.12148699135952153,0.000448829175000836,4,128,0.09021655826547959,0.3306616968830517,0.7631255010079956,0.0011059841427997759,7.871885912830166e-05,"[0.15313483774662018, 0.10154468566179276, 0.02118898183107376, 0.014628336764872074, 0.01839347556233406]",COMPLETE
28,0.28110880106687547,2026-08-24 08:55:52.736343,2026-08-24 08:59:25.322529,0 days 00:03:32.586186,tanh,16,0.8846705270271304,0.9925013566368918,0.0016394740354408327,0.0013613663707357985,4,128,0.04666905501421804,0.6160144966943681,2.7251613801818926,0.0029506914046916618,1.8746344287458602e-05,"[0.33636659383773804, 0.25864627957344055, 0.0398176833987236, 0.3281162679195404, 0.4425971806049347]",COMPLETE
29,0.08857833296060562,2026-08-24 08:59:25.326863,2026-08-24 09:04:44.695232,0 days 00:05:19.368369,sigmoid,16,0.868298565788247,0.9915573945358532,0.058619053134348946,0.0018847373378411145,4,8,0.02195911487557285,1.0435915277648917,2.5275756842918833,0.0010186537665410776,5.137464340795393e-05,"[0.18134982883930206, 0.1540013700723648, 0.05491096153855324, 0.023774955421686172, 0.028854548931121826]",COMPLETE
30,0.08933726847171783,2026-08-24 09:04:44.698563,2026-08-24 09:16:06.830009,0 days 00:11:22.131446,sigmoid,16,0.85905184108439,0.9900228303275675,0.11753894378304336,3.656669467052824e-05,4,128,0.0674010027294999,0.20291838633287754,0.9449982783210813,0.010213416320793142,3.586711065659105e-06,"[0.19024765491485596, 0.11581231653690338, 0.05171665921807289, 0.04059900715947151, 0.04831070452928543]",COMPLETE
31,0.024015563540160656,2026-08-24 09:16:06.833330,2026-08-24 09:22:43.727703,0 days 00:06:36.894373,relu,16,0.8823425278944872,0.9923241246060224,0.04783391020834731,0.0032557495868669383,4,128,0.02202911532694911,1.893363019549868,2.8958289256687504,0.00236236193437631,1.5683598585931743e-05,"[0.04307442158460617, 0.026504887267947197, 0.02586022950708866, 0.009092111140489578, 0.015546168200671673]",COMPLETE
32,0.024652440473437308,2026-08-24 09:22:43.731608,2026-08-24 09:28:36.071594,0 days 00:05:52.339986,relu,16,0.8715351474535221,0.9909962552828302,0.03869947752958409,0.0032404103372689567,4,128,0.010578745749962504,1.440250075793455,1.868784055887155,0.002248374291871285,2.5259864179680452e-05,"[0.05132406949996948, 0.028236981481313705, 0.018796006217598915, 0.009958373382687569, 0.014946771785616875]",COMPLETE
33,0.03733571749180555,2026-08-24 09:28:36.075391,2026-08-24 09:36:59.107119,0 days 00:08:23.031728,relu,16,0.8814506039275797,0.9910041230668439,0.07601301936989474,0.0011064567697700025,4,128,0.013996297873862614,1.5605935178227783,4.291911607507282,0.029547123639064064,1.3852566644795822e-05,"[0.08246537297964096, 0.05708349496126175, 0.02036469429731369, 0.010776783339679241, 0.015988241881132126]",COMPLETE
34,0.03218481764197349,2026-08-24 09:36:59.114400,2026-08-24 09:42:39.805815,0 days 00:05:40.691415,relu,16,0.8714204653583757,0.9910136035080334,0.03081290067055682,0.0027335485888998964,4,64,0.03566986237389561,1.69318356627526,2.02824619697633,0.0023053312622616988,7.439893259336595e-05,"[0.08624862134456635, 0.03029286116361618, 0.020859617739915848, 0.007515113800764084, 0.01600787416100502]",COMPLETE
35,0.025213487446308136,2026-08-24 09:42:39.808871,2026-08-24 09:47:52.988067,0 days 00:05:13.179196,relu,16,0.8945883190543119,0.9927098728232762,0.03285601766879308,0.005339249472068879,4,128,0.010078532284656381,0.8555860135030127,9.572339163965973,0.0031801882279613516,2.1188471340487203e-05,"[0.053462106734514236, 0.02935492992401123, 0.02281854674220085, 0.007368831895291805, 0.013063021935522556]",COMPLETE
36,0.111353849619627,2026-08-24 09:47:52.992651,2026-08-24 09:52:36.519521,0 days 00:04:43.526870,sigmoid,16,0.9036608169287443,0.9904997888593436,0.004885184853123135,0.001773735546801767,3,8,0.02860423267965529,4.882719770486932,3.462324771917231,0.009442884699049381,1.1491143935224918e-05,"[0.23001855611801147, 0.13076187670230865, 0.054131921380758286, 0.06355508416891098, 0.0783018097281456]",COMPLETE
37,0.06623368300497531,2026-08-24 09:52:36.523830,2026-08-24 09:59:57.864125,0 days 00:07:21.340295,relu,16,0.875121370302162,0.9919006935808615,0.10752549402340722,0.0007111617885695076,4,64,0.017434289267104438,0.67034102436272,0.6795560460094209,0.01834497524790748,4.96558009989057e-06,"[0.1522126942873001, 0.10852853208780289, 0.025703726336359978, 0.026952512562274933, 0.017770949751138687]",COMPLETE
38,0.02511166138574481,2026-08-24 09:59:57.867471,2026-08-24 10:05:05.014289,0 days 00:05:07.146818,relu,16,0.8860007837462635,0.9911864974200595,0.0729375710781272,0.006224472673046145,3,128,0.12901074756485262,1.0505518691767801,1.7500216678364942,0.13108993575293548,4.348478212723342e-05,"[0.052327293902635574, 0.027784401550889015, 0.021896250545978546, 0.007517937105149031, 0.016032423824071884]",COMPLETE
39,0.27553863525390626,2026-08-24 10:05:05.018216,2026-08-24 10:07:08.059563,0 days 00:02:03.041347,tanh,32,0.8588689584489853,0.990442929344833,0.2135321882513752,0.0009918526087037962,4,16,0.02957783957131867,2.185023016778682,5.746976990361672,0.001993387294347734,2.447719873596856e-06,"[0.32530340552330017, 0.248611181974411, 0.26041990518569946, 0.3133133053779602, 0.2300453782081604]",COMPLETE
40,0.06672310791909694,2026-08-24 10:07:08.062918,2026-08-24 10:12:12.956915,0 days 00:05:04.893997,relu,16,0.9294926751551754,0.9927569561791437,0.03315439388573932,0.0033682180229371796,4,8,0.04658533425558669,1.2870529293968824,0.4813190784430421,0.004332849856209518,8.157560250746449e-06,"[0.1808578222990036, 0.0803038477897644, 0.028482254594564438, 0.022437062114477158, 0.021534552797675133]",COMPLETE
41,0.030890312045812607,2026-08-24 10:12:12.960029,2026-08-24 10:18:04.661832,0 days 00:05:51.701803,relu,16,0.8881027594864731,0.9912779780186158,0.07597025852132144,0.006892193129459124,3,128,0.09847683952683721,1.1385652849902586,1.6896593072659827,0.14363665043328813,4.3592569394757274e-05,"[0.07833150774240494, 0.02488340623676777, 0.02044130302965641, 0.010558709502220154, 0.020236633718013763]",COMPLETE
42,0.04647198673337698,2026-08-24 10:18:04.666933,2026-08-24 10:24:01.281725,0 days 00:05:56.614792,relu,16,0.8839321310400864,0.9918278996939411,0.13769504817630207,0.004182086537005599,3,128,0.1464420566677447,4.247867384085538,1.337013008465317,2.277398463929324,3.69145334067561e-05,"[0.1004858985543251, 0.07138696312904358, 0.02715003304183483, 0.012391780503094196, 0.02094525843858719]",COMPLETE
43,0.029637221060693265,2026-08-24 10:24:01.286717,2026-08-24 10:27:56.472847,0 days 00:03:55.186130,relu,16,0.86991317967194,0.9909023088537409,0.08143274574808149,0.006960871920701708,2,128,0.13469125477041224,2.2202144231968495,2.1407585191043443,0.10727448701926447,6.518355586503956e-05,"[0.06179880350828171, 0.030095938593149185, 0.026289071887731552, 0.010097402147948742, 0.019904889166355133]",COMPLETE
44,0.02660028785467148,2026-08-24 10:27:56.476751,2026-08-24 10:33:09.845878,0 days 00:05:13.369127,relu,16,0.8946462126215379,0.9919577539177931,0.05114265049481403,0.0021431483188690884,3,128,0.016142109586850698,0.520699002147231,3.9680358035733945,0.5227763510060355,2.651694745657681e-05,"[0.05863290652632713, 0.02365291677415371, 0.01920645497739315, 0.011090736836194992, 0.020418424159288406]",COMPLETE
45,0.07827578336000443,2026-08-24 10:33:09.852142,2026-08-24 10:35:59.336697,0 days 00:02:49.484555,sigmoid,16,0.8778720827626721,0.9912598891027239,0.02387803737581209,0.002739249868196781,2,64,0.06452316078082274,0.1609067159220539,0.8624929213578774,0.8013501506709049,1.7592114164585314e-05,"[0.17989127337932587, 0.11592001467943192, 0.028070786967873573, 0.04811131954193115, 0.019385522231459618]",COMPLETE
46,0.029850505106151105,2026-08-24 10:35:59.340159,2026-08-24 10:41:01.233950,0 days 00:05:01.893791,relu,16,0.8894044640218852,0.994037993710852,0.09400187663483128,0.006390512748839521,3,128,0.04516276261726636,0.7673492853001883,3.3586453241104497,0.0016863124265698239,0.00010092206190960149,"[0.05118805170059204, 0.04492075368762016, 0.03006274439394474, 0.009496092796325684, 0.013584882952272892]",COMPLETE
47,0.09299142472445965,2026-08-24 10:41:01.237934,2026-08-24 10:43:58.459474,0 days 00:02:57.221540,relu,32,0.8723493941738115,0.9929317136558906,0.008152996036044913,0.0014593634100066898,4,16,0.026799478918425455,2.2242691996607102,8.068349269758617,0.019436896219604417,1.0450223274540373e-05,"[0.1725432276725769, 0.15568922460079193, 0.06173354387283325, 0.026510214433073997, 0.048480913043022156]",COMPLETE
48,0.032677624560892585,2026-08-24 10:43:58.463219,2026-08-24 10:50:28.352895,0 days 00:06:29.889676,relu,16,0.8557023598459648,0.9907118824822754,0.06889356833370958,0.004355536189115475,3,128,0.2528555338014001,1.2363607327155615,5.723893223839466,1.3769953316895707,5.944270939181704e-06,"[0.06964147090911865, 0.05068623274564743, 0.019098736345767975, 0.009954427368938923, 0.01400725543498993]",COMPLETE
49,0.06042480431497097,2026-08-24 10:50:28.357285,2026-08-24 10:58:12.535495,0 days 00:07:44.178210,relu,16,0.9122420708640995,0.9901140974848133,0.034971610804184046,0.0005513860103907987,3,128,0.3614436325845993,7.2061797867566835,1.890924898562283,0.055483368575848256,5.760295119871999e-05,"[0.12747924029827118, 0.11667856574058533, 0.020176520571112633, 0.017764579504728317, 0.020025115460157394]",COMPLETE
50,0.1605928547680378,2026-08-24 10:58:12.538840,2026-08-24 11:02:29.391574,0 days 00:04:16.852734,tanh,16,0.8827314712462471,0.991620779526492,0.13627048264346112,0.0009075487753322909,2,128,0.10835216394932934,0.8827734749146674,1.3666329205822567,0.0043563205695363125,4.1710004274232564e-05,"[0.18030619621276855, 0.19198785722255707, 0.3058066964149475, 0.08200967311859131, 0.04285385087132454]",COMPLETE
