number,value,datetime_start,datetime_complete,duration,params_activation,params_batch_size,params_beta_1,params_beta_2,params_dropout_rate,params_learning_rate,params_n_layers,params_n_units,params_scale_monotonic,params_scale_nonneg,params_scale_shape,params_scale_tradeoff,params_weight_decay,user_attrs_fold_mses,state
51,0.025355839170515537,2026-08-24 11:02:29.395451,2026-08-24 11:09:02.495321,0 days 00:06:33.099870,relu,16,0.8927030869451694,0.9927321856201327,0.043187530577680495,0.005306005508518437,4,128,0.010613004173577169,0.41804937229448724,6.8221459488372895,0.0028524134729343877,2.1694345454674526e-05,"[0.048094332218170166, 0.026661638170480728, 0.022944636642932892, 0.011268124915659428, 0.017810463905334473]",COMPLETE
52,0.023442575056105853,2026-08-24 11:09:02.498991,2026-08-24 11:15:00.389347,0 days 00:05:57.890356,relu,16,0.9006386328880326,0.9938573624632494,0.02175656153883038,0.0053357976075535515,4,128,0.012612574077534076,0.7982340515955607,0.5414057925524944,0.0015002212094158078,1.327257492972052e-05,"[0.0521540604531765, 0.021885065361857414, 0.02116679958999157, 0.006723067257553339, 0.01528388261795044]",COMPLETE
53,0.04991994258016348,2026-08-24 11:15:00.393589,2026-08-24 11:19:49.331684,0 days 00:04:48.938095,relu,16,0.9141994242451983,0.9939896884884835,0.017481413485899648,0.007438084350288509,4,128,0.015295699968869089,0.5847387482525357,0.5690210318806248,0.0014106924961753311,1.325388256923849e-05,"[0.1703396588563919, 0.03209277614951134, 0.020673880353569984, 0.006726381368935108, 0.019767016172409058]",COMPLETE
54,0.035812678001821044,2026-08-24 11:19:49.335581,2026-08-24 11:23:33.406928,0 days 00:03:44.071347,relu,32,0.9026981910729208,0.9949273483711626,0.09001075878598735,0.0033333507680370165,4,128,0.012874504656247326,0.7169339504108617,0.28290865033894563,0.001709194800360363,2.788545545268503e-05,"[0.0702807605266571, 0.04497765377163887, 0.025099217891693115, 0.009618491865694523, 0.029087265953421593]",COMPLETE
55,0.029446693882346154,2026-08-24 11:23:33.410409,2026-08-24 11:25:39.092373,0 days 00:02:05.681964,relu,16,0.9106089579604588,0.9945152567444338,0.002005920002984161,0.0024030523470349265,1,128,0.05590680003163229,1.4422261917422596,0.3715326353281521,0.002301905040393555,3.486999995872728e-05,"[0.06915134936571121, 0.030524661764502525, 0.016366932541131973, 0.015128850936889648, 0.016061674803495407]",COMPLETE
56,0.053975466452538964,2026-08-24 11:25:39.095663,2026-08-24 11:31:10.587285,0 days 00:05:31.491622,relu,16,0.8992265080893025,0.9931410525689791,0.06236276797315801,0.004297910012293477,4,32,0.02414697651074185,0.9557218694220638,1.3041933899423015,0.1739287841274541,7.340298593642246e-06,"[0.1350809633731842, 0.08221904188394547, 0.019941579550504684, 0.01201841700822115, 0.020617330446839333]",COMPLETE
57,0.040798744186758995,2026-08-24 11:31:10.591057,2026-08-24 11:36:15.573916,0 days 00:05:04.982859,relu,16,0.9196146606971973,0.9920899850378747,0.017413745128192295,0.00817260696021347,3,128,0.5474262578255497,1.9176010114603868,0.1874090750468179,0.005997872010331504,0.00048719282911980255,"[0.1053229421377182, 0.031421348452568054, 0.03316326439380646, 0.010008450597524643, 0.02407771535217762]",COMPLETE
58,0.05623090658336878,2026-08-24 11:36:15.578384,2026-08-24 11:41:00.779538,0 days 00:04:45.201154,relu,16,0.8625156049964012,0.9937607194032918,0.06199631041453588,0.005440175629994207,4,16,0.17697168496410687,0.5017415202623973,1.0374058512497015,0.001446049452987162,0.00010159546580891385,"[0.14024178683757782, 0.08592751622200012, 0.024343866854906082, 0.01233310904353857, 0.018308253958821297]",COMPLETE
59,0.20208923220634462,2026-08-24 11:41:00.782915,2026-08-24 11:43:11.743996,0 days 00:02:10.961081,sigmoid,16,0.8775288592502228,0.9954510889319073,0.044625718445068,0.0029501376165583333,4,128,0.03370026282527284,3.4251088449586535,0.6350023794545376,4.6677258682704625,0.00020205161672960976,"[0.18151584267616272, 0.1781827211380005, 0.13171149790287018, 0.12864865362644196, 0.3903874456882477]",COMPLETE
60,0.1197210669517517,2026-08-24 11:43:11.747703,2026-08-24 11:45:26.299786,0 days 00:02:14.552083,relu,32,0.907739783997687,0.9973668834372784,0.109321777404502,0.0012270792591735787,3,8,0.01943031863744483,0.2568873191519833,2.3457824172368547,0.009157691959208755,9.104285115864105e-06,"[0.19045861065387726, 0.18204264342784882, 0.08040042966604233, 0.08532603085041046, 0.06037762016057968]",COMPLETE
61,0.02494533807039261,2026-08-24 11:45:26.303200,2026-08-24 11:51:33.276193,0 days 00:06:06.972993,relu,16,0.897445862915013,0.9925870471104752,0.030674971577542155,0.003889242541182111,4,128,0.011228010949745012,0.8653827235987773,2.9671739575219296,0.0034448346738564536,1.939899826594354e-05,"[0.05220175161957741, 0.022493381053209305, 0.021391062065958977, 0.008981375023722649, 0.019659120589494705]",COMPLETE
62,0.026852683536708354,2026-08-24 11:51:33.280468,2026-08-24 11:57:36.789396,0 days 00:06:03.508928,relu,16,0.898716243848257,0.9924621836190187,0.020955550429062567,0.00199239036001259,4,128,0.012470314928347586,1.0341822368434812,3.0030876216612064,0.0034171415257215967,1.6352211423490283e-05,"[0.04947894439101219, 0.028376003727316856, 0.021776072680950165, 0.014056333340704441, 0.02057606354355812]",COMPLETE
63,0.026933415420353414,2026-08-24 11:57:36.792763,2026-08-24 12:04:48.620973,0 days 00:07:11.828210,relu,16,0.8854578650099751,0.9914370662648261,0.04823760546112964,0.004036111313539651,4,128,0.020206940705914094,2.8157325961867183,1.6804175339255758,0.002355835676527271,2.359420140551211e-05,"[0.0583990216255188, 0.024471351876854897, 0.022026006132364273, 0.014716492034494877, 0.015054205432534218]",COMPLETE
64,0.025600676611065864,2026-08-24 12:04:48.624688,2026-08-24 12:10:56.971881,0 days 00:06:08.347193,relu,16,0.8924699823721601,0.9918618348976512,0.07137777566723202,0.005884179598188895,4,128,0.012405474254674424,0.12935683020869432,0.01777000755698033,0.0014661598645418566,1.3136002898741977e-05,"[0.05861588194966316, 0.027651140466332436, 0.01986677758395672, 0.008611063472926617, 0.01325851958245039]",COMPLETE
65,0.02441037483513355,2026-08-24 12:10:56.975802,2026-08-24 12:22:07.379524,0 days 00:11:10.403722,relu,8,0.8729966732732074,0.9930642088155142,0.08794025136144087,0.0035360856786915366,4,128,0.010069602664239188,0.3458584752818177,0.791463747594318,0.004410929437691312,3.1996780198197365e-05,"[0.05112587288022041, 0.022995173931121826, 0.022318195551633835, 0.009589746594429016, 0.016022885218262672]",COMPLETE
66,0.07980394884943962,2026-08-24 12:22:07.383602,2026-08-24 12:32:30.474706,0 days 00:10:23.091104,tanh,8,0.8665693907952435,0.9930538770152662,0.0005713779648348471,0.0022813418992929766,4,64,0.015069254709931595,0.3532426034725967,0.8432302708421044,0.005083429328556614,3.2833635147610744e-05,"[0.13330478966236115, 0.14102594554424286, 0.019867531955242157, 0.04242393374443054, 0.0623975433409214]",COMPLETE
67,0.025952248275279997,2026-08-24 12:32:30.480123,2026-08-24 12:41:38.971307,0 days 00:09:08.491184,relu,8,0.8747876117749065,0.9936838120462966,0.09262436596515317,0.003485060498555767,4,128,0.010549461642938664,0.2217780380136235,0.44311948438507687,0.007592742856314798,1.9109757045764062e-05,"[0.049502063542604446, 0.029381485655903816, 0.020527929067611694, 0.010021014139056206, 0.02032874897122383]",COMPLETE
68,0.0765867680311203,2026-08-24 12:41:38.975264,2026-08-24 12:50:57.364539,0 days 00:09:18.389275,relu,8,0.8610764229794317,0.9943933812985607,0.43725503761522433,0.0016019121639910977,4,32,0.017408680987343914,0.17526912993701285,0.7673908711981764,0.0038083789042920447,3.600187806155189e-06,"[0.1839575469493866, 0.12832720577716827, 0.02734479308128357, 0.023955831304192543, 0.01934846304357052]",COMPLETE
69,0.03110029436647892,2026-08-24 12:50:57.368291,2026-08-24 12:59:36.861958,0 days 00:08:39.493667,relu,8,0.8679797757090261,0.992250250500815,0.036768977561754033,0.009938500885293567,4,128,0.02330485258413394,0.26888146767707916,0.22421166686300875,0.012013143819210079,1.056927726186628e-05,"[0.09282254427671432, 0.02393122762441635, 0.016631748527288437, 0.007963589392602444, 0.014152362011373043]",COMPLETE
70,0.02365538142621517,2026-08-24 12:59:36.865598,2026-08-24 13:07:57.742802,0 days 00:08:20.877204,relu,8,0.8538370782877432,0.9933592411645152,0.015550542242010398,0.002719011005954875,4,128,0.010069951709984386,0.38398845441849255,1.1563346306167275,0.0026413641311481746,0.0003534863946824674,"[0.05142273008823395, 0.02253285050392151, 0.020176198333501816, 0.009196390397846699, 0.014948737807571888]",COMPLETE
71,0.022726794146001338,2026-08-24 13:07:57.746239,2026-08-24 13:16:03.384058,0 days 00:08:05.637819,relu,8,0.8514183834526987,0.9934713976195585,0.016169618101027967,0.002690216708347443,4,128,0.013040930902925869,0.3830462546572459,1.1896884525570033,0.002682483559978292,0.0003362070142829716,"[0.04669765383005142, 0.02445535734295845, 0.01781986653804779, 0.009837237186729908, 0.014823855832219124]",COMPLETE
72,0.023161377105861903,2026-08-24 13:16:03.388438,2026-08-24 13:23:35.480558,0 days 00:07:32.092120,relu,8,0.8500984935046704,0.9933115447679266,0.016124795968567848,0.004769096892494473,4,128,0.014229569696494332,0.39362706619210364,1.1681189307199682,0.002585422989626287,0.00047296937632153953,"[0.04453589394688606, 0.02973267063498497, 0.02047325111925602, 0.0069164312444627285, 0.01414863858371973]",COMPLETE
73,0.023259018547832966,2026-08-24 13:23:35.484635,2026-08-24 13:35:14.451928,0 days 00:11:38.967293,relu,8,0.8508377495895038,0.9933174942244776,0.01628617036331082,0.0026515341612570577,4,128,1.0205778332194293,0.19981561791249347,0.5132446552561715,0.0012903148959145512,0.0003042593366982816,"[0.048917416483163834, 0.03180926293134689, 0.014221261255443096, 0.007949676364660263, 0.013397475704550743]",COMPLETE
74,0.021983564272522925,2026-08-24 13:35:14.458545,2026-08-24 13:47:39.192044,0 days 00:12:24.733499,relu,8,0.8510007713239512,0.9934526707956165,0.01640753265033086,0.0026293643682525933,4,128,1.5105898747308049,0.2971706537797759,0.3635914620823023,0.0011387623783085821,0.0003352990093440686,"[0.040936801582574844, 0.0297195203602314, 0.0154566066339612, 0.00981433317065239, 0.013990559615194798]",COMPLETE
75,0.022466587834060192,2026-08-24 13:47:39.197308,2026-08-24 13:59:16.561843,0 days 00:11:37.364535,relu,8,0.8504682751608332,0.993665171237061,0.016862495131748027,0.002577475448043225,4,128,1.5264922059047712,0.29111286417032534,0.3451918893076347,0.0012795829782285132,0.00033521836205417736,"[0.05345648154616356, 0.024406619369983673, 0.013298284262418747, 0.007983739487826824, 0.013187814503908157]",COMPLETE
76,0.024612048640847206,2026-08-24 13:59:16.566019,2026-08-24 14:11:03.338801,0 days 00:11:46.772782,relu,8,0.850527326057172,0.9933981842003117,0.016791662009185814,0.001842607294937141,4,128,1.1651225362489948,0.19347804485326825,0.30386412298116794,0.0011496541554966576,0.00033433229159423623,"[0.04971245303750038, 0.029413390904664993, 0.019804388284683228, 0.007405074313282967, 0.01672493666410446]",COMPLETE
77,0.0721708320081234,2026-08-24 14:11:03.344704,2026-08-24 14:19:19.512199,0 days 00:08:16.167495,sigmoid,8,0.8534924785168954,0.9942490184657714,0.01980843447402598,0.0026162811773144485,4,128,1.838739708905513,0.29256170270446297,0.3702706755006246,0.0010239511123227717,0.000500874474447912,"[0.18318289518356323, 0.11384047567844391, 0.01834656298160553, 0.022081565111875534, 0.023402661085128784]",COMPLETE
78,0.022291602659970523,2026-08-24 14:19:19.516398,2026-08-24 14:30:23.187492,0 days 00:11:03.671094,relu,8,0.8535148911583232,0.9937290228321346,0.013785054902722778,0.0049382698246565855,4,128,1.2057195658839523,0.14693082415440412,0.5344710131302349,0.0013087305206091737,0.000337963404424458,"[0.0464005172252655, 0.026013735681772232, 0.01767447218298912, 0.007156615611165762, 0.014212672598659992]",COMPLETE
79,0.09444216452538967,2026-08-24 14:30:23.194090,2026-08-24 14:41:53.683552,0 days 00:11:30.489462,tanh,8,0.8562624733188191,0.9937176094007414,0.058091893478852207,0.004803620178732876,4,16,3.713506985408327,0.14462143958737733,0.1637210732200223,0.0014030967388661297,0.00030004009856974585,"[0.2641740143299103, 0.12145575135946274, 0.031009484082460403, 0.029429718852043152, 0.026141854003071785]",COMPLETE
80,0.21900393664836884,2026-08-24 14:41:53.691079,2026-08-24 14:55:55.243723,0 days 00:14:01.552644,relu,8,0.8522846359230284,0.9947353718305205,0.0006176337607794874,5.5142059946636835e-05,4,8,0.979350973298311,0.21248694121767706,0.5590839387725539,0.0018978310757611493,0.0008796743675037082,"[0.2564852833747864, 0.3144645094871521, 0.20111219584941864, 0.16934247314929962, 0.15361522138118744]",COMPLETE
81,0.0249692608602345,2026-08-24 14:55:55.248170,2026-08-24 15:07:33.990485,0 days 00:11:38.742315,relu,8,0.8538251629017182,0.9933905691596592,0.017134494560636815,0.0024046470568189066,4,128,1.6235614633239321,0.4526099265267937,0.11059181034449654,0.0013167085497418367,0.00040194729074763744,"[0.05504544451832771, 0.0298889372497797, 0.01724933087825775, 0.007231570314615965, 0.015431021340191364]",COMPLETE
82,0.02506334688514471,2026-08-24 15:07:33.994574,2026-08-24 15:20:12.815107,0 days 00:12:38.820533,relu,8,0.8507362031282839,0.9939104145022931,0.02855457595083466,0.0012922962457296945,4,128,2.684481648570822,0.24498284706275425,0.5136315743667081,0.0028457066025249014,0.0006758196392818514,"[0.04907665774226189, 0.0319620780646801, 0.017608927562832832, 0.00855253916233778, 0.018116531893610954]",COMPLETE
83,0.023314311541616915,2026-08-24 15:20:12.820231,2026-08-24 15:30:46.869625,0 days 00:10:34.049394,relu,8,0.8598407747302516,0.9936063141992187,0.014470673904298934,0.004640054672180974,4,128,0.7361177855582599,0.30430492831269973,0.24192396249203338,0.0016471641981429047,0.00023054919403757396,"[0.04363980144262314, 0.028286581858992577, 0.019880877807736397, 0.010041594505310059, 0.014722702093422413]",COMPLETE
84,0.025390669330954553,2026-08-24 15:30:46.873117,2026-08-24 15:43:01.144564,0 days 00:12:14.271447,relu,8,0.858416771821021,0.9936468709100496,0.053301113899678405,0.007662313202489319,4,128,0.8424503986819318,0.17071975102668577,0.38916145045841927,0.0017317118341197675,0.0001605145035384035,"[0.04863414168357849, 0.03253765404224396, 0.0174007136374712, 0.01127593219280243, 0.01710490509867668]",COMPLETE
85,0.023367157205939293,2026-08-24 15:43:01.150129,2026-08-24 15:52:45.166609,0 days 00:09:44.016480,relu,8,0.8613327187262477,0.9942917361976148,0.038968021714943145,0.00489916836907108,4,128,1.3046787250623573,0.12807478250956378,0.24231645280763708,0.0012888661010885065,0.00022272033324657352,"[0.047528691589832306, 0.023995816707611084, 0.021788746118545532, 0.010003630071878433, 0.01351890154182911]",COMPLETE
86,0.027699010074138643,2026-08-24 15:52:45.173688,2026-08-24 16:06:22.561900,0 days 00:13:37.388212,relu,8,0.8596409335379129,0.995108757984108,0.04077079190208853,0.004775330591005576,4,64,1.433776711674897,0.12338771665439681,0.26144802648779947,0.001020353453393129,0.00021176593885362057,"[0.062386173754930496, 0.03591187670826912, 0.016240276396274567, 0.007082914933562279, 0.016873808577656746]",COMPLETE
87,0.023781155794858934,2026-08-24 16:06:22.570022,2026-08-24 16:19:47.460005,0 days 00:13:24.889983,relu,8,0.8552711215037339,0.9943217043669923,0.011333906673182575,0.0016706774692960666,4,128,2.2702830358240504,0.29417615919260104,0.13164437374717955,0.0019580541660956115,0.00027917567681492355,"[0.049123771488666534, 0.02709091082215309, 0.017602523788809776, 0.011814192868769169, 0.013274380005896091]",COMPLETE
88,0.023998586274683476,2026-08-24 16:19:47.465124,2026-08-24 16:31:49.419571,0 days 00:12:01.954447,relu,8,0.8616811147349643,0.9941276907790926,0.030769922492285634,0.002069929872447489,4,128,0.7705445231603887,0.13689209118843398,0.2286038971525044,0.0011948062765025189,0.00045368437594015535,"[0.048119138926267624, 0.026013290509581566, 0.02085636556148529, 0.010355666279792786, 0.014648470096290112]",COMPLETE
89,0.022421448677778243,2026-08-24 16:31:49.426067,2026-08-24 16:41:06.327314,0 days 00:09:16.901247,relu,8,0.8572315933854675,0.9928839608730019,0.0007223057724112976,0.00387091635458382,4,32,1.0732193928111344,0.1576310528337984,0.3522363767799057,0.00190548661698152,0.00013129328852639108,"[0.0454193539917469, 0.026643628254532814, 0.01619195006787777, 0.00944049097597599, 0.014411820098757744]",COMPLETE
90,0.24897721409797668,2026-08-24 16:41:06.333533,2026-08-24 16:57:29.011866,0 days 00:16:22.678333,relu,8,0.850023681300638,0.9929303193248229,0.008924890525273793,1.401134179001402e-05,4,32,0.5115287885190435,0.19759326755142526,0.32411052134118823,0.0018477890509113466,0.0001238196268973186,"[0.4092883765697479, 0.28317615389823914, 0.24102868139743805, 0.1722554862499237, 0.1391373723745346]",COMPLETE
91,0.02576631810516119,2026-08-24 16:57:29.017216,2026-08-24 17:08:10.917986,0 days 00:10:41.900770,relu,8,0.856391419691032,0.9935345536936004,0.0009100833833634685,0.0029521209662963246,4,32,1.2793228397060277,0.1524689158026873,0.44687953117278006,0.0012696263292308366,0.00019528026207506552,"[0.05215972661972046, 0.030277634039521217, 0.018350763246417046, 0.008578549139201641, 0.019464917480945587]",COMPLETE
92,0.0403305746614933,2026-08-24 17:08:10.923094,2026-08-24 17:16:35.292153,0 days 00:08:24.369059,relu,8,0.8634721174094855,0.9928182534249707,0.037386488615176634,0.004812146635688433,4,32,1.0652580459628254,0.11346301359668025,0.23414563766896265,0.0016346439008495803,0.00023516957653654488,"[0.10427900403738022, 0.03691244125366211, 0.020198259502649307, 0.019279561936855316, 0.020983606576919556]",COMPLETE
93,0.07475234195590019,2026-08-24 17:16:35.299591,2026-08-24 17:24:34.030042,0 days 00:07:58.730451,relu,8,0.8574588360426524,0.9931907099748298,0.29512642432046876,0.003994846198973287,4,32,0.6089751127252788,0.3155476561082439,0.33704658024864503,0.002029990858035501,0.0005974040378617011,"[0.1834910809993744, 0.12470488995313644, 0.0242871455848217, 0.021167421713471413, 0.020111171528697014]",COMPLETE
94,0.02145408494397998,2026-08-24 17:24:34.036388,2026-08-24 17:39:25.593537,0 days 00:14:51.557149,relu,8,0.8598421696064347,0.9935550186958694,0.026296038772655003,0.006057152793903762,4,128,0.8779918768168896,0.18868599422470972,0.6572183264124081,0.0027341370854865486,0.00013237005589522024,"[0.04448282718658447, 0.024568459019064903, 0.01662360690534115, 0.007168126758188009, 0.01442740485072136]",COMPLETE
95,0.02092388765886426,2026-08-24 17:39:25.599597,2026-08-24 17:42:44.874776,0 days 00:03:19.275179,relu,8,0.852850523999874,0.9932748118614371,0.025607359162322447,0.0063029434531481614,1,128,0.9115311605022663,0.18621661211133622,0.7024834909911273,0.0027595351759512076,0.00013886990935602227,"[0.042035579681396484, 0.024328889325261116, 0.015856463462114334, 0.006995849777013063, 0.0154026560485363]",COMPLETE
96,0.053509794920682904,2026-08-24 17:42:44.881589,2026-08-24 17:48:10.235411,0 days 00:05:25.353822,sigmoid,8,0.8526924205432187,0.9932855394917531,0.054565574718620224,0.008607329665909103,1,32,0.957519733243479,0.22652595471980044,0.7206826685411909,0.0026233533192198772,0.00013184275575026436,"[0.1518121063709259, 0.05111922696232796, 0.021717935800552368, 0.01630924455821514, 0.026590460911393166]",COMPLETE
97,0.030666019767522812,2026-08-24 17:48:10.241083,2026-08-24 17:52:39.247553,0 days 00:04:29.006470,relu,8,0.8551765756503072,0.9929500140335613,0.49233297917823554,0.006704505546013608,1,128,3.0193566478871317,0.16416765205599712,0.9223477815560509,0.00499531775032866,0.00017600826263611757,"[0.08152446150779724, 0.02955656684935093, 0.020186152309179306, 0.007908296771347523, 0.01415462139993906]",COMPLETE
98,0.020844477973878384,2026-08-24 17:52:39.252050,2026-08-24 17:59:15.377192,0 days 00:06:36.125142,relu,8,0.8525119532838651,0.9926746976716694,0.02510730241234942,0.006040217311232706,2,128,0.4428490639786172,0.18403406326141228,0.6644566839141581,0.0035019575618488456,9.255831710031029e-05,"[0.04021480679512024, 0.024162117391824722, 0.01673697680234909, 0.008674809709191322, 0.014433679170906544]",COMPLETE
99,1.8704528093338013,2026-08-24 17:59:15.382851,2026-08-24 18:03:11.952450,0 days 00:03:56.569599,tanh,8,0.8521766387852625,0.9940900612779493,0.02540992079278293,0.006260945210640844,4,128,9.475795181418254,0.26924213442525596,0.6240207305665388,0.0035512906919245835,9.202549878410716e-05,"[1.3840280771255493, 2.823729991912842, 3.3818607330322266, 0.394336462020874, 1.3683087825775146]",COMPLETE
100,0.05522825997322798,2026-08-24 18:03:11.960571,2026-08-24 18:10:01.942504,0 days 00:06:49.981933,relu,8,0.8500269629278017,0.9932321979838485,0.06806993884886087,0.000219702352548782,1,128,0.43707344412116816,0.1817636053086119,0.4517328726121554,0.0073454848751699905,0.0003101653852652876,"[0.13032039999961853, 0.09080240875482559, 0.016767894849181175, 0.015255817212164402, 0.02299477905035019]",COMPLETE
101,0.02190362913534045,2026-08-24 18:10:01.947250,2026-08-24 18:17:32.696677,0 days 00:07:30.749427,relu,8,0.8576674511077622,0.9938339215494696,0.02859199527039879,0.003871987482872746,2,128,1.51080893255708,0.23682329895372223,0.6666434111750084,0.0022553995153648224,0.00014526864218321632,"[0.04392469674348831, 0.02343486249446869, 0.021211111918091774, 0.00616014888510108, 0.014787325635552406]",COMPLETE
102,0.02231102529913187,2026-08-24 18:17:32.702107,2026-08-24 18:22:02.797996,0 days 00:04:30.095889,relu,8,0.8573577099986659,0.9938303026560328,0.02695251965131025,0.00588282875030336,2,128,1.5581484637415808,0.23910517923466695,0.6743781024931819,0.003277314816875554,0.00014119337884660577,"[0.04894443601369858, 0.02520054392516613, 0.016764972358942032, 0.007694540545344353, 0.012950633652508259]",COMPLETE
