number,value,datetime_start,datetime_complete,duration,params_activation,params_batch_size,params_beta_1,params_beta_2,params_dropout_rate,params_learning_rate,params_n_layers,params_n_units,params_scale_monotonic,params_scale_nonneg,params_scale_shape,params_scale_tradeoff,params_weight_decay,user_attrs_fold_mses,state
103,0.020884752739220858,2026-08-24 18:22:02.801882,2026-08-24 18:28:43.250530,0 days 00:06:40.448648,relu,8,0.8572725317562312,0.9935275346579711,0.045653643410069236,0.007859373606933277,2,128,1.6097357144501294,0.2351805468448808,0.6461002925611551,0.0030600639093083006,0.00014544286380630304,"[0.042674772441387177, 0.022415906190872192, 0.018384788185358047, 0.0065794349648058414, 0.01436886191368103]",COMPLETE
104,0.02300547733902931,2026-08-24 18:28:43.254608,2026-08-24 18:35:01.731441,0 days 00:06:18.476833,relu,8,0.8574540614218227,0.9938378211611302,0.04772537386971307,0.008158131457239426,2,128,1.6013177389902005,0.22585697599742935,0.6927552757119374,0.0032885393520030817,0.0001413947945866366,"[0.05001183971762657, 0.025042330846190453, 0.018090466037392616, 0.008610930293798447, 0.013271819800138474]",COMPLETE
105,0.04987147748470307,2026-08-24 18:35:01.735164,2026-08-24 18:39:33.930658,0 days 00:04:32.195494,relu,8,0.8649612335523277,0.9945370068479299,0.027590604832562052,0.005856796115954436,2,8,2.205229706711558,0.24006763918848378,0.6166634511537992,0.003935299289646784,0.0001137704833479568,"[0.11470624059438705, 0.07674054056406021, 0.02030649594962597, 0.022580092772841454, 0.015024017542600632]",COMPLETE
106,0.02242106944322586,2026-08-24 18:39:33.934559,2026-08-24 18:44:52.446881,0 days 00:05:18.512322,relu,8,0.8548803768971122,0.9935220189024919,0.08191274200435167,0.00646114754743737,2,128,1.823148439892732,0.14803486687774497,0.396909700670204,0.004806852730734834,9.081912691072577e-05,"[0.03984786942601204, 0.028900450095534325, 0.019501732662320137, 0.011248909868299961, 0.012606385163962841]",COMPLETE
107,0.022339002694934607,2026-08-24 18:44:52.450601,2026-08-24 18:50:44.556130,0 days 00:05:52.105529,relu,8,0.8596887907786801,0.9939120738370654,0.08219063927226528,0.007372009261779259,2,128,1.8545333308508358,0.15001504630309073,0.42631070506677804,0.005386989742591378,7.72755234110778e-05,"[0.04633026570081711, 0.0274726003408432, 0.018057482317090034, 0.007369454484432936, 0.012465210631489754]",COMPLETE
108,0.06451396495103837,2026-08-24 18:50:44.560386,2026-08-24 18:54:35.503834,0 days 00:03:50.943448,relu,8,0.8596284086160971,0.993925085323739,0.07939655487331515,0.008571343241725086,2,16,1.794830948493494,19.12068664767174,0.40403552270951526,0.005344714896969697,7.983517147465453e-05,"[0.13970524072647095, 0.11949396133422852, 0.022609157487750053, 0.01850847899913788, 0.022252986207604408]",COMPLETE
109,0.02311536930501461,2026-08-24 18:54:35.507510,2026-08-24 19:00:06.060260,0 days 00:05:30.552750,relu,8,0.8638154969427586,0.9926357266814048,0.10080866855814814,0.007222925469387332,2,64,2.18266596032009,0.14600099781691228,0.4784070771947414,0.006416588389131138,0.00015376700056659757,"[0.04922034591436386, 0.024639062583446503, 0.0183348897844553, 0.009852603077888489, 0.0135299451649189]",COMPLETE
110,0.024695664085447787,2026-08-24 19:00:06.063705,2026-08-24 19:05:02.525825,0 days 00:04:56.462120,relu,8,0.8553144652575471,0.9941345695802857,0.12116630327040313,0.0094508387406159,2,128,0.6655729158166358,0.163132029851971,0.951158504334473,0.0046147816388070265,6.878253019007871e-05,"[0.06001611426472664, 0.026546454057097435, 0.016896557062864304, 0.00688875000923872, 0.013130445033311844]",COMPLETE
111,0.020734576135873796,2026-08-24 19:05:02.529547,2026-08-24 19:10:46.810299,0 days 00:05:44.280752,relu,8,0.8576317134412342,0.993546629861793,0.06302126148834267,0.005762455060043403,2,128,1.511625564586024,0.11229308241555896,0.33861287412991636,0.003101123145621355,8.991913970096253e-05,"[0.04091646149754524, 0.021588338539004326, 0.015950271859765053, 0.007935227826237679, 0.017282580956816673]",COMPLETE
112,0.023389202263206243,2026-08-24 19:10:46.814197,2026-08-24 19:15:39.636332,0 days 00:04:52.822135,relu,8,0.857852210632325,0.9930862598972884,0.06584138654080346,0.005659956914422731,2,128,1.164924067234226,0.11023948184050661,0.7035942955412685,0.0030448305232342585,9.059275769907964e-05,"[0.04916147515177727, 0.021381476894021034, 0.025047769770026207, 0.006436011288315058, 0.014919278211891651]",COMPLETE
113,0.02122038686648011,2026-08-24 19:15:39.640377,2026-08-24 19:21:23.825247,0 days 00:05:44.184870,relu,8,0.8607799329413691,0.9938024136688827,0.05657289199208409,0.006529353319443191,2,128,1.4128355864133004,0.13925921160966903,0.5792649899873182,0.004055644730427984,0.00010910837386846798,"[0.040624115616083145, 0.02496754750609398, 0.01874447613954544, 0.007406278047710657, 0.014359517022967339]",COMPLETE
114,0.02323233000934124,2026-08-24 19:21:23.829786,2026-08-24 19:26:43.646652,0 days 00:05:19.816866,relu,8,0.8608754458732971,0.993554698021341,0.08232892995653227,0.006922575377760486,2,128,0.8727811718026234,0.13716393101906343,0.5996872024999532,0.007680138907933135,5.74706945383433e-05,"[0.051100872457027435, 0.02725795842707157, 0.014913000166416168, 0.008092772215604782, 0.014797046780586243]",COMPLETE
115,0.02283428832888603,2026-08-24 19:26:43.652023,2026-08-24 19:32:21.305543,0 days 00:05:37.653520,relu,8,0.8673367116349404,0.9947381672184679,0.058050564282995265,0.007663498799659825,2,128,3.242422058337197,0.11875451702632182,0.42927123648442633,0.004204439074059788,0.00010975813108165126,"[0.04897431656718254, 0.023942606523633003, 0.017083771526813507, 0.008172966539859772, 0.015997780486941338]",COMPLETE
116,0.022500469349324703,2026-08-24 19:32:21.308887,2026-08-24 19:37:11.742081,0 days 00:04:50.433194,relu,8,0.8542006132675981,0.9938191947658507,0.04600609397377351,0.006710371014499282,2,128,1.3896731944250955,0.18121919236901354,0.8585369095855806,0.006017288369342726,8.499729693837858e-05,"[0.045371849089860916, 0.025266608223319054, 0.02083035744726658, 0.007188637740910053, 0.013844894245266914]",COMPLETE
117,0.1301531359553337,2026-08-24 19:37:11.746334,2026-08-24 19:38:28.736889,0 days 00:01:16.990555,sigmoid,32,0.8690611296610617,0.9939822794473469,0.0753735217645076,0.00581504271403602,2,128,1.9431789961905794,0.20174769528915082,0.5325940101257908,0.003772584399318802,0.00010045829146816166,"[0.4478706419467926, 0.12055385857820511, 0.024355124682188034, 0.030437316745519638, 0.027548737823963165]",COMPLETE
118,0.023865804076194763,2026-08-24 19:38:28.741272,2026-08-24 19:44:34.587632,0 days 00:06:05.846360,relu,8,0.863171105259074,0.9941365909265399,0.1024529052572286,0.008222750184589369,2,128,2.353034091009711,0.10016100221950885,0.27800098453872546,0.005159911379684987,6.405225553161983e-05,"[0.04914524778723717, 0.03081950731575489, 0.017664490267634392, 0.008843883872032166, 0.0128558911383152]",COMPLETE
119,0.024638320319354534,2026-08-24 19:44:34.591188,2026-08-24 19:50:44.772587,0 days 00:06:10.181399,relu,8,0.8534253309633651,0.9944239202196292,0.11529325370473095,0.005380875793152074,2,128,1.7013341879583408,0.18300827549805487,0.779008961049105,0.009070475776586352,5.4263745498419695e-05,"[0.047804731875658035, 0.03414277732372284, 0.020265107974410057, 0.008693337440490723, 0.012285646982491016]",COMPLETE
120,0.022695394791662694,2026-08-24 19:50:44.776368,2026-08-24 19:57:43.939480,0 days 00:06:59.163112,relu,8,0.9433524603989203,0.9937658298462256,0.06286168339598382,0.009086643627642705,2,128,2.5833039278144465,0.13722471752760193,0.6386239242351794,0.0022212411151912048,0.00018304388752212467,"[0.04666849225759506, 0.022764334455132484, 0.01775757595896721, 0.0105581758543849, 0.01572839543223381]",COMPLETE
121,0.020681843906641007,2026-08-24 19:57:43.943089,2026-08-24 20:03:10.734818,0 days 00:05:26.791729,relu,8,0.8570404852470036,0.9928665462424736,0.03798911806218801,0.00395097106706473,2,128,1.1474848156246698,0.17113724646488826,0.39988353576305524,0.0032472715873566277,0.00013791065666865488,"[0.040540482848882675, 0.023241477087140083, 0.01710384711623192, 0.007107744924724102, 0.015415667556226254]",COMPLETE
122,0.022275772877037525,2026-08-24 20:03:10.738137,2026-08-24 20:07:47.739828,0 days 00:04:37.001691,relu,8,0.8590042167597259,0.9930985039294504,0.041564665664406204,0.009973636615009582,2,128,1.3984031719420542,0.25569745999719873,0.5106813436997757,0.0034652728788759687,0.00014613727508122084,"[0.04269380122423172, 0.0270873811095953, 0.0173766128718853, 0.010003555566072464, 0.014217513613402843]",COMPLETE
123,0.02153887366876006,2026-08-24 20:07:47.742834,2026-08-24 20:13:20.978925,0 days 00:05:33.236091,relu,8,0.8591291029071831,0.9931067115979416,0.04185967964265879,0.00997201882224677,2,128,1.3118487082080261,0.2488547400122125,0.49569546129988357,0.00324229355399135,0.00014873596096929157,"[0.04264995828270912, 0.02457101084291935, 0.018765201792120934, 0.0063308426178991795, 0.015377354808151722]",COMPLETE
124,0.01968392003327608,2026-08-24 20:13:20.983653,2026-08-24 20:20:17.236204,0 days 00:06:56.252551,relu,8,0.8625094535007758,0.9924491172837725,0.05034076867027965,0.009807333994870045,2,128,1.2033588783816085,0.2527631977927173,0.4909617692991574,0.003288056442861653,0.00014365460975802226,"[0.040933191776275635, 0.02172120288014412, 0.0181655865162611, 0.005520109087228775, 0.012079509906470776]",COMPLETE
125,0.020444684755057098,2026-08-24 20:20:17.240242,2026-08-24 20:28:33.805162,0 days 00:08:16.564920,relu,8,0.8648738011468505,0.9925816798521158,0.04086316390558565,0.009066492745341173,2,128,1.2497987260133838,0.2557651465631024,0.5274157746802932,0.0029499199940847967,0.00016576906938355206,"[0.04259795323014259, 0.023546786978840828, 0.018542446196079254, 0.0059900847263634205, 0.011546152643859386]",COMPLETE
126,0.6337544977664947,2026-08-24 20:28:33.809571,2026-08-24 20:31:07.574774,0 days 00:02:33.765203,tanh,8,0.8653623953870997,0.9924292182499542,0.05255818892606466,0.009969604726884778,2,128,0.861608124928634,0.267619236512237,0.4796448902587354,0.003082143183507785,0.00011811883857355208,"[0.33821576833724976, 1.0607402324676514, 0.7628945112228394, 0.39545074105262756, 0.6114712357521057]",COMPLETE
127,0.021980615332722664,2026-08-24 20:31:07.580109,2026-08-24 20:35:57.758968,0 days 00:04:50.178859,relu,8,0.8617830865764863,0.9926734902278431,0.041342860918562124,0.009941435249147328,2,128,0.3139616011705096,0.33816095008543995,0.3103861523926353,0.002370948821044689,0.00016590913438627086,"[0.043223775923252106, 0.02329346537590027, 0.017114635556936264, 0.009586792439222336, 0.016684407368302345]",COMPLETE
128,0.021185295656323433,2026-08-24 20:35:57.762550,2026-08-24 20:40:45.095373,0 days 00:04:47.332823,relu,8,0.861003877981612,0.9920790237064588,0.03523772237326067,0.008557504509685447,2,128,0.24421070400347694,0.3520606545426592,0.31021852084313856,0.0024089178570384363,0.00017705915683264323,"[0.04012454301118851, 0.02594590000808239, 0.016059787943959236, 0.009070097468793392, 0.01472614984959364]",COMPLETE
129,0.02400328740477562,2026-08-24 20:40:45.098849,2026-08-24 20:46:27.478777,0 days 00:05:42.379928,relu,8,0.8616412518704156,0.9920797288761924,0.03627289669737774,0.007916232595520477,2,128,0.27384638410633394,0.340280933549713,0.19581656872470538,0.0025625857334574554,0.0001625807469083629,"[0.05014381930232048, 0.02810399793088436, 0.015721309930086136, 0.008848918601870537, 0.017198391258716583]",COMPLETE
130,0.023067261464893817,2026-08-24 20:46:27.483158,2026-08-24 20:52:36.235080,0 days 00:06:08.751922,relu,8,0.8643905096908614,0.9924853891916057,0.06678007027687728,0.008907764019773876,2,128,0.22574646921852762,0.2146251639077658,0.2927265564518196,0.0022105531983577253,0.0002572864868496152,"[0.04820447787642479, 0.02353837713599205, 0.02381262183189392, 0.00769246369600296, 0.012088366784155369]",COMPLETE
131,0.01989009790122509,2026-08-24 20:52:36.237916,2026-08-24 20:58:18.925698,0 days 00:05:42.687782,relu,8,0.8626931762876078,0.9927145622221722,0.05275453926132297,0.007436295815377612,2,128,0.36381605667204525,0.2755693697379783,0.3063283473007722,0.004005178572806781,0.00010770805715066478,"[0.039651405066251755, 0.02426689863204956, 0.016916686668992043, 0.0066580381244421005, 0.011957461014389992]",COMPLETE
132,0.023343575187027454,2026-08-24 20:58:18.929568,2026-08-24 21:04:13.108960,0 days 00:05:54.179392,relu,8,0.8664106078608055,0.9922563242723208,0.05599479728834573,0.007511969373347428,2,128,0.30833762603433845,0.3304207989626377,0.30341163325528253,0.003971281687859668,0.00018252106143230477,"[0.04953236132860184, 0.026355227455496788, 0.017353743314743042, 0.007912478409707546, 0.015564065426588058]",COMPLETE
133,0.021769855171442032,2026-08-24 21:04:13.113300,2026-08-24 21:10:22.038234,0 days 00:06:08.924934,relu,8,0.8616831705514963,0.9927207876566829,0.04270958759754326,0.006398576331721834,2,128,0.38931130309500994,0.47775054738272704,0.2019228566975582,0.003019130949942554,0.00010538336025042266,"[0.045327328145504, 0.024539764970541, 0.014934027567505836, 0.01016457099467516, 0.013883584178984165]",COMPLETE
134,0.020094747841358184,2026-08-24 21:10:22.042817,2026-08-24 21:16:32.507766,0 days 00:06:10.464949,relu,8,0.8625154152210447,0.991773781453555,0.05193023019480133,0.006989371000711354,2,128,0.5078184683730748,0.4443397287850279,0.16509698012085552,0.002781847204181465,0.00010531717912186286,"[0.041391219943761826, 0.02317872643470764, 0.015531225129961967, 0.006862797774374485, 0.013509769923985004]",COMPLETE
135,0.02836257964372635,2026-08-24 21:16:32.512173,2026-08-24 21:18:48.338861,0 days 00:02:15.826688,relu,32,0.8700841101387402,0.9917322554626226,0.05171487687517198,0.006742037930892189,2,128,0.46119223712618207,0.5970855495674917,0.16456107935806824,0.002791591931665376,0.00010090184672101679,"[0.04829813167452812, 0.04722731560468674, 0.02229837141931057, 0.008246570825576782, 0.015742508694529533]",COMPLETE
136,0.020962809957563878,2026-08-24 21:18:48.342110,2026-08-24 21:24:18.613241,0 days 00:05:30.271131,relu,8,0.8635976686247421,0.9927829395569148,0.06503514325468612,0.008408824746355095,2,128,0.35125701283659316,0.47838342524596317,0.19599188067773582,0.004137798147106997,0.00012274118837409678,"[0.038856882601976395, 0.024849528446793556, 0.01597685180604458, 0.009952264837920666, 0.01517852209508419]",COMPLETE
137,0.01948782932013273,2026-08-24 21:24:18.617178,2026-08-24 21:26:56.805003,0 days 00:02:38.187825,relu,8,0.8682931710401588,0.9920556189083458,0.0693957768675403,0.008437799715965305,1,128,0.5794607317589723,0.5519952213637576,0.09307728282703381,0.0038500341819805903,0.00012084869970955065,"[0.03369778394699097, 0.024822335690259933, 0.01579144038259983, 0.008294417522847652, 0.014833169057965279]",COMPLETE
138,0.04790408853441477,2026-08-24 21:26:56.808290,2026-08-24 21:30:31.258144,0 days 00:03:34.449854,relu,8,0.8703960947605627,0.9920794594509017,0.07398305300096178,0.008539230656839666,1,8,0.5820878361398933,0.53739129255901,0.1064363061274651,0.004109265465336797,0.00012483544692628212,"[0.13737265765666962, 0.04791259765625, 0.022879326716065407, 0.008362705819308758, 0.02299315482378006]",COMPLETE
139,0.021378979459404944,2026-08-24 21:30:31.262884,2026-08-24 21:33:33.652033,0 days 00:03:02.389149,relu,8,0.8729367921930264,0.9919764604472989,0.06915062095219855,0.005573283354946209,1,128,0.7088816092653113,0.6620981456317866,0.04900685225724409,0.0058951843961115875,0.0001194753643347718,"[0.0394522063434124, 0.02340821363031864, 0.019166506826877594, 0.00833902694284916, 0.016528943553566933]",COMPLETE
140,0.020767214149236678,2026-08-24 21:33:33.657064,2026-08-24 21:37:30.300611,0 days 00:03:56.643547,relu,8,0.8680225617420303,0.9920422124774609,0.09827242879149092,0.007551653248303624,1,128,0.7163180076929222,0.42461926599816147,0.03750458261245756,0.006873448297200333,0.00011373806064406891,"[0.03921876475214958, 0.024456923827528954, 0.016886215656995773, 0.00927847158163786, 0.013995694927871227]",COMPLETE
141,0.022971692308783532,2026-08-24 21:37:30.304202,2026-08-24 21:40:52.911496,0 days 00:03:22.607294,relu,8,0.8726509950928063,0.9920298179137573,0.09247321745447004,0.0075684432318248755,1,128,0.6853222861602319,0.6598083633918558,0.04991819220611093,0.010933584340481054,0.00011200166767493518,"[0.04249811917543411, 0.02876804955303669, 0.01820412650704384, 0.009840669110417366, 0.015547497197985649]",COMPLETE
142,0.021156922727823258,2026-08-24 21:40:52.915806,2026-08-24 21:44:28.017000,0 days 00:03:35.101194,relu,8,0.8688030385293827,0.9915720264920102,0.06571843073280884,0.0043220236543866685,1,128,0.4932408714214398,0.5429351121288347,0.04093724709065876,0.006950857481810114,7.288036995092368e-05,"[0.04116126894950867, 0.023247849196195602, 0.016418633982539177, 0.010125402361154556, 0.014831459149718285]",COMPLETE
143,0.022466978803277016,2026-08-24 21:44:28.021180,2026-08-24 21:46:34.896585,0 days 00:02:06.875405,relu,8,0.8674019033673653,0.9923709457012356,0.06163767459415111,0.008200965440940372,1,128,0.4819358170416148,0.5558958967971315,0.03753245989430451,0.007158986143156209,7.127990083710971e-05,"[0.041093166917562485, 0.026809386909008026, 0.01872308738529682, 0.009891346096992493, 0.015817906707525253]",COMPLETE
144,0.04816081505268812,2026-08-24 21:46:34.900560,2026-08-24 21:50:04.729634,0 days 00:03:29.829074,relu,8,0.8687275998021474,0.9916224815229102,0.1324736552477088,0.004298428742667376,1,16,0.40620545303250666,0.42420396938971566,0.023398408584532533,0.013759553038598951,8.671436293132763e-05,"[0.08879873901605606, 0.08384077250957489, 0.03362968564033508, 0.011377585120499134, 0.02315729297697544]",COMPLETE
145,0.021865415386855602,2026-08-24 21:50:04.733002,2026-08-24 21:52:38.125608,0 days 00:02:33.392606,relu,8,0.8643746824468945,0.9914226844755529,0.08907999433660901,0.006972628447425969,1,128,0.5559590034276665,0.472418965270956,0.031926037856441575,0.008951010511503167,9.607842640126884e-05,"[0.037774376571178436, 0.02784845046699047, 0.01722235232591629, 0.011402680538594723, 0.015079217031598091]",COMPLETE
146,0.06793058179318905,2026-08-24 21:52:38.129713,2026-08-24 21:57:13.436250,0 days 00:04:35.306537,sigmoid,8,0.86811861963718,0.9922130654446026,0.05531956886622471,0.005215790129954319,1,128,0.3545516970226517,0.37236664854444157,0.07856848623830098,0.004356545541396086,6.135711873363305e-05,"[0.17354510724544525, 0.1050412505865097, 0.022708067670464516, 0.022543780505657196, 0.015814702957868576]",COMPLETE
147,0.025291338562965393,2026-08-24 21:57:13.439464,2026-08-24 22:01:38.185386,0 days 00:04:24.745922,relu,8,0.8653998180891447,0.9918137978200314,0.07175245402520074,0.008492300159556916,2,64,0.2454169083682727,0.5089634335687165,0.14520693733253964,0.006255291970496075,0.0001973673674646787,"[0.050928760319948196, 0.02569926716387272, 0.023917853832244873, 0.012803834863007069, 0.013106976635754108]",COMPLETE
148,0.027344479411840438,2026-08-24 22:01:38.189514,2026-08-24 22:05:17.172677,0 days 00:03:38.983163,relu,8,0.863134111110003,0.9924646058331833,0.47241893165842863,0.006189368639938963,1,128,0.18527958982535558,0.4470252509132502,0.0283231575171621,0.0037099047484957745,5.0257628687508496e-05,"[0.05551540106534958, 0.03180781751871109, 0.024389129132032394, 0.012334664352238178, 0.012675384990870953]",COMPLETE
149,0.5072585076093674,2026-08-24 22:05:17.176335,2026-08-24 22:07:37.741045,0 days 00:02:20.564710,tanh,8,0.8745662353083172,0.9925790093544868,0.08607944917687911,0.004481426804773177,2,128,0.6230615607123628,0.39623839580058834,0.05817587793778933,0.004668628983249674,7.632421529867091e-05,"[0.13820616900920868, 0.8217447996139526, 0.9292189478874207, 0.32943668961524963, 0.31768593192100525]",COMPLETE
150,0.024831848777830602,2026-08-24 22:07:37.744924,2026-08-24 22:13:50.367249,0 days 00:06:12.622325,relu,8,0.8661218088000732,0.992854952728188,0.10739386758450646,0.007520683444262046,2,128,0.3217761292176304,0.6022224957452114,0.08919960972210497,0.0036552981368588554,0.0001285364473150526,"[0.05173614248633385, 0.02737782523036003, 0.018504275009036064, 0.010716169141232967, 0.015824832022190094]",COMPLETE
151,0.02281440533697605,2026-08-24 22:13:50.372556,2026-08-24 22:16:48.407880,0 days 00:02:58.035324,relu,8,0.873969262810965,0.9915089885554219,0.06454767227024401,0.005387634781854661,1,128,0.7774347679930892,0.6456445469084935,0.04537898776697634,0.005756443256656049,0.00011887468225264572,"[0.04484930634498596, 0.029788987711071968, 0.017129065468907356, 0.008012847043573856, 0.014291820116341114]",COMPLETE
152,0.022408141940832137,2026-08-24 22:16:48.412970,2026-08-24 22:20:29.436126,0 days 00:03:41.023156,relu,8,0.8717519211121224,0.9918747149156958,0.07320606452404783,0.0055140117632835476,1,128,0.45326157351541,0.7353533930423725,0.06299644353594804,0.008519942117912961,0.00011038268183288475,"[0.042117971926927567, 0.025578027591109276, 0.021092068403959274, 0.009866718202829361, 0.013385923579335213]",COMPLETE
153,0.025918617378920317,2026-08-24 22:20:29.439662,2026-08-24 22:25:34.137260,0 days 00:05:04.697598,relu,8,0.8789152618382368,0.9922026032784714,0.050614040438305974,0.006696474403156596,1,128,0.5117890189686557,13.81269742069315,0.03824361695645642,0.005838624565839504,0.00016486803361604529,"[0.04629821330308914, 0.028143297880887985, 0.019022030755877495, 0.007792872842401266, 0.028336672112345695]",COMPLETE
154,0.022978413850069046,2026-08-24 22:25:34.141302,2026-08-24 22:28:37.916181,0 days 00:03:03.774879,relu,8,0.862695492897457,0.9912461513547718,0.2167883125971966,0.006030862096961994,1,128,0.7187788154274378,0.5415254490349155,0.02592451346098457,0.004697517373883236,8.481827904027556e-05,"[0.047249965369701385, 0.02454301342368126, 0.017572570592164993, 0.0123746357858181, 0.013151884078979492]",COMPLETE
